  main.cpp
main.cpp(75): warning C4305: '+=': truncation from 'double' to 'GLfloat'
main.cpp(79): warning C4305: '-=': truncation from 'double' to 'GLfloat'
main.cpp(83): warning C4305: '+=': truncation from 'double' to 'GLfloat'
main.cpp(87): warning C4305: '-=': truncation from 'double' to 'GLfloat'
main.cpp(91): warning C4305: '+=': truncation from 'double' to 'GLfloat'
main.cpp(95): warning C4305: '-=': truncation from 'double' to 'GLfloat'
main.cpp(233): warning C4838: conversion from 'double' to 'GLfloat' requires a narrowing conversion
main.cpp(233): warning C4305: 'initializing': truncation from 'double' to 'GLfloat'
main.cpp(212): warning C4101: 'i': unreferenced local variable
main.cpp(300): warning C4996: 'fopen': This function or variable may be unsafe. Consider using fopen_s instead. To disable deprecation, use _CRT_SECURE_NO_WARNINGS. See online help for details.
  C:\Program Files (x86)\Windows Kits\10\Include\10.0.10240.0\ucrt\stdio.h(205): note: see declaration of 'fopen'
main.cpp(308): warning C4996: 'fscanf': This function or variable may be unsafe. Consider using fscanf_s instead. To disable deprecation, use _CRT_SECURE_NO_WARNINGS. See online help for details.
  C:\Program Files (x86)\Windows Kits\10\Include\10.0.10240.0\ucrt\stdio.h(1193): note: see declaration of 'fscanf'
main.cpp(318): warning C4996: 'fscanf': This function or variable may be unsafe. Consider using fscanf_s instead. To disable deprecation, use _CRT_SECURE_NO_WARNINGS. See online help for details.
  C:\Program Files (x86)\Windows Kits\10\Include\10.0.10240.0\ucrt\stdio.h(1193): note: see declaration of 'fscanf'
main.cpp(330): warning C4996: 'fscanf': This function or variable may be unsafe. Consider using fscanf_s instead. To disable deprecation, use _CRT_SECURE_NO_WARNINGS. See online help for details.
  C:\Program Files (x86)\Windows Kits\10\Include\10.0.10240.0\ucrt\stdio.h(1193): note: see declaration of 'fscanf'
main.cpp(343): warning C4996: 'fscanf': This function or variable may be unsafe. Consider using fscanf_s instead. To disable deprecation, use _CRT_SECURE_NO_WARNINGS. See online help for details.
  C:\Program Files (x86)\Windows Kits\10\Include\10.0.10240.0\ucrt\stdio.h(1193): note: see declaration of 'fscanf'
LINK : warning LNK4075: ignoring '/INCREMENTAL' due to '/OPT:ICF' specification
  zero.vcxproj -> C:\kurssit\graf\zero\Release\zero.exe
  zero.vcxproj -> C:\kurssit\graf\zero\Release\zero.pdb (Full PDB)
